<?xml version="1.0" encoding="UTF-8"?>
<coverage generated="1750704550491" clover="3.2.0">
  <project timestamp="1750704550491" name="All files">
    <metrics statements="59" coveredstatements="52" conditionals="12" coveredconditionals="3" methods="9" coveredmethods="5" elements="80" coveredelements="60" complexity="0" loc="59" ncloc="59" packages="5" files="5" classes="5"/>
    <package name="src">
      <metrics statements="23" coveredstatements="20" conditionals="6" coveredconditionals="1" methods="3" coveredmethods="0"/>
      <file name="app.js" path="C:\Users\anjup\starship-registry\server\src\app.js">
        <metrics statements="23" coveredstatements="20" conditionals="6" coveredconditionals="1" methods="3" coveredmethods="0"/>
        <line num="2" count="3" type="stmt"/>
        <line num="3" count="3" type="stmt"/>
        <line num="4" count="3" type="stmt"/>
        <line num="5" count="3" type="stmt"/>
        <line num="6" count="3" type="stmt"/>
        <line num="7" count="3" type="stmt"/>
        <line num="8" count="3" type="stmt"/>
        <line num="9" count="3" type="stmt"/>
        <line num="10" count="3" type="stmt"/>
        <line num="12" count="3" type="stmt"/>
        <line num="13" count="3" type="stmt"/>
        <line num="15" count="3" type="stmt"/>
        <line num="16" count="3" type="stmt"/>
        <line num="17" count="3" type="stmt"/>
        <line num="20" count="3" type="stmt"/>
        <line num="23" count="3" type="stmt"/>
        <line num="24" count="3" type="stmt"/>
        <line num="27" count="3" type="stmt"/>
        <line num="30" count="3" type="cond" truecount="1" falsecount="1"/>
        <line num="31" count="0" type="stmt"/>
        <line num="32" count="0" type="cond" truecount="0" falsecount="2"/>
        <line num="33" count="0" type="cond" truecount="0" falsecount="2"/>
        <line num="38" count="3" type="stmt"/>
      </file>
    </package>
    <package name="src.config">
      <metrics statements="6" coveredstatements="2" conditionals="2" coveredconditionals="0" methods="1" coveredmethods="0"/>
      <file name="db.js" path="C:\Users\anjup\starship-registry\server\src\config\db.js">
        <metrics statements="6" coveredstatements="2" conditionals="2" coveredconditionals="0" methods="1" coveredmethods="0"/>
        <line num="1" count="3" type="stmt"/>
        <line num="4" count="0" type="stmt"/>
        <line num="5" count="0" type="cond" truecount="0" falsecount="2"/>
        <line num="6" count="0" type="stmt"/>
        <line num="7" count="0" type="stmt"/>
        <line num="10" count="3" type="stmt"/>
      </file>
    </package>
    <package name="src.controllers">
      <metrics statements="18" coveredstatements="18" conditionals="4" coveredconditionals="2" methods="5" coveredmethods="5"/>
      <file name="starship.js" path="C:\Users\anjup\starship-registry\server\src\controllers\starship.js">
        <metrics statements="18" coveredstatements="18" conditionals="4" coveredconditionals="2" methods="5" coveredmethods="5"/>
        <line num="1" count="4" type="stmt"/>
        <line num="4" count="4" type="stmt"/>
        <line num="5" count="4" type="stmt"/>
        <line num="6" count="4" type="stmt"/>
        <line num="10" count="4" type="stmt"/>
        <line num="11" count="4" type="stmt"/>
        <line num="12" count="2" type="cond" truecount="1" falsecount="1"/>
        <line num="16" count="4" type="stmt"/>
        <line num="17" count="10" type="stmt"/>
        <line num="18" count="10" type="stmt"/>
        <line num="19" count="4" type="stmt"/>
        <line num="21" count="6" type="stmt"/>
        <line num="26" count="4" type="stmt"/>
        <line num="27" count="3" type="stmt"/>
        <line num="32" count="2" type="cond" truecount="1" falsecount="1"/>
        <line num="36" count="4" type="stmt"/>
        <line num="37" count="3" type="stmt"/>
        <line num="38" count="2" type="stmt"/>
      </file>
    </package>
    <package name="src.models">
      <metrics statements="3" coveredstatements="3" conditionals="0" coveredconditionals="0" methods="0" coveredmethods="0"/>
      <file name="Starship.js" path="C:\Users\anjup\starship-registry\server\src\models\Starship.js">
        <metrics statements="3" coveredstatements="3" conditionals="0" coveredconditionals="0" methods="0" coveredmethods="0"/>
        <line num="1" count="4" type="stmt"/>
        <line num="3" count="4" type="stmt"/>
        <line num="18" count="4" type="stmt"/>
      </file>
    </package>
    <package name="src.routes">
      <metrics statements="9" coveredstatements="9" conditionals="0" coveredconditionals="0" methods="0" coveredmethods="0"/>
      <file name="starship.js" path="C:\Users\anjup\starship-registry\server\src\routes\starship.js">
        <metrics statements="9" coveredstatements="9" conditionals="0" coveredconditionals="0" methods="0" coveredmethods="0"/>
        <line num="1" count="3" type="stmt"/>
        <line num="8" count="3" type="stmt"/>
        <line num="10" count="3" type="stmt"/>
        <line num="12" count="3" type="stmt"/>
        <line num="13" count="3" type="stmt"/>
        <line num="14" count="3" type="stmt"/>
        <line num="15" count="3" type="stmt"/>
        <line num="16" count="3" type="stmt"/>
        <line num="18" count="3" type="stmt"/>
      </file>
    </package>
  </project>
</coverage>
