TN:
SF:src\app.js
FN:23,(anonymous_0)
FN:31,(anonymous_1)
FN:32,(anonymous_2)
FNF:3
FNH:0
FNDA:0,(anonymous_0)
FNDA:0,(anonymous_1)
FNDA:0,(anonymous_2)
DA:2,3
DA:3,3
DA:4,3
DA:5,3
DA:6,3
DA:7,3
DA:8,3
DA:9,3
DA:10,3
DA:12,3
DA:13,3
DA:15,3
DA:16,3
DA:17,3
DA:20,3
DA:23,3
DA:24,3
DA:27,3
DA:30,3
DA:31,0
DA:32,0
DA:33,0
DA:38,3
LF:23
LH:20
BRDA:30,0,0,0
BRDA:30,0,1,3
BRDA:32,1,0,0
BRDA:32,1,1,0
BRDA:33,2,0,0
BRDA:33,2,1,0
BRF:6
BRH:1
end_of_record
TN:
SF:src\config\db.js
FN:3,connectDB
FNF:1
FNH:0
FNDA:0,connectDB
DA:1,3
DA:4,0
DA:5,0
DA:6,0
DA:7,0
DA:10,3
LF:6
LH:2
BRDA:5,0,0,0
BRDA:5,0,1,0
BRF:2
BRH:0
end_of_record
TN:
SF:src\controllers\starship.js
FN:4,(anonymous_0)
FN:10,(anonymous_1)
FN:16,(anonymous_2)
FN:26,(anonymous_3)
FN:36,(anonymous_4)
FNF:5
FNH:5
FNDA:4,(anonymous_0)
FNDA:4,(anonymous_1)
FNDA:10,(anonymous_2)
FNDA:3,(anonymous_3)
FNDA:3,(anonymous_4)
DA:1,4
DA:4,4
DA:5,4
DA:6,4
DA:10,4
DA:11,4
DA:12,2
DA:16,4
DA:17,10
DA:18,10
DA:19,4
DA:21,6
DA:26,4
DA:27,3
DA:32,2
DA:36,4
DA:37,3
DA:38,2
LF:18
LH:18
BRDA:12,0,0,0
BRDA:12,0,1,2
BRDA:32,1,0,2
BRDA:32,1,1,0
BRF:4
BRH:2
end_of_record
TN:
SF:src\models\Starship.js
FNF:0
FNH:0
DA:1,4
DA:3,4
DA:18,4
LF:3
LH:3
BRF:0
BRH:0
end_of_record
TN:
SF:src\routes\starship.js
FNF:0
FNH:0
DA:1,3
DA:8,3
DA:10,3
DA:12,3
DA:13,3
DA:14,3
DA:15,3
DA:16,3
DA:18,3
LF:9
LH:9
BRF:0
BRH:0
end_of_record
